[     218ms] [ERROR] Failed to load resource: the server responded with a status of 401 (Unauthorized) @ http://localhost:3000/api/auth/member/me:0
[     241ms] [VERBOSE] [DOM] Input elements should have autocomplete attributes (suggested: "current-password"): (More info: https://goo.gl/9p2vKq) %o @ http://localhost:3000/login:0
[   54426ms] [ERROR] TypeError: h.filter is not a function
    at Gs (http://localhost:3000/assets/index-ei8YBy2F.js:67:10698)
    at ma (http://localhost:3000/assets/index-ei8YBy2F.js:38:17231)
    at ka (http://localhost:3000/assets/index-ei8YBy2F.js:40:3158)
    at uu (http://localhost:3000/assets/index-ei8YBy2F.js:40:45097)
    at au (http://localhost:3000/assets/index-ei8YBy2F.js:40:39988)
    at Df (http://localhost:3000/assets/index-ei8YBy2F.js:40:39916)
    at Bs (http://localhost:3000/assets/index-ei8YBy2F.js:40:39769)
    at Ba (http://localhost:3000/assets/index-ei8YBy2F.js:40:36096)
    at nu (http://localhost:3000/assets/index-ei8YBy2F.js:40:35044)
    at J (http://localhost:3000/assets/index-ei8YBy2F.js:25:1624) @ http://localhost:3000/assets/index-ei8YBy2F.js:39
[   54432ms] TypeError: h.filter is not a function
    at Gs (http://localhost:3000/assets/index-ei8YBy2F.js:67:10698)
    at ma (http://localhost:3000/assets/index-ei8YBy2F.js:38:17231)
    at ka (http://localhost:3000/assets/index-ei8YBy2F.js:40:3158)
    at uu (http://localhost:3000/assets/index-ei8YBy2F.js:40:45097)
    at au (http://localhost:3000/assets/index-ei8YBy2F.js:40:39988)
    at Df (http://localhost:3000/assets/index-ei8YBy2F.js:40:39916)
    at Bs (http://localhost:3000/assets/index-ei8YBy2F.js:40:39769)
    at Ba (http://localhost:3000/assets/index-ei8YBy2F.js:40:36096)
    at nu (http://localhost:3000/assets/index-ei8YBy2F.js:40:35044)
    at J (http://localhost:3000/assets/index-ei8YBy2F.js:25:1624)
